2024-11-24 01:49:15,201 CRIT Supervisor is running as root.  Privileges were not dropped because no user is specified in the config file.  If you intend to run as root, you can set user=root in the config file to avoid this message.
2024-11-24 01:49:15,207 INFO supervisord started with pid 1
2024-11-24 01:49:16,212 INFO spawned: 'init-service-api' with pid 7
2024-11-24 01:49:16,217 INFO spawned: 'laravel-reverb' with pid 8
2024-11-24 01:49:16,222 INFO spawned: 'nginx' with pid 9
2024-11-24 01:49:16,245 WARN exited: nginx (exit status 1; not expected)
2024-11-24 01:49:17,246 INFO success: init-service-api entered RUNNING state, process has stayed up for > than 1 seconds (startsecs)
2024-11-24 01:49:17,246 INFO success: laravel-reverb entered RUNNING state, process has stayed up for > than 1 seconds (startsecs)
2024-11-24 01:49:17,248 INFO spawned: 'nginx' with pid 10
2024-11-24 01:49:17,256 WARN exited: nginx (exit status 1; not expected)
2024-11-24 01:49:19,260 INFO spawned: 'nginx' with pid 11
2024-11-24 01:49:19,270 WARN exited: nginx (exit status 1; not expected)
2024-11-24 01:49:22,275 INFO spawned: 'nginx' with pid 12
2024-11-24 01:49:22,283 WARN exited: nginx (exit status 1; not expected)
2024-11-24 01:49:23,285 INFO gave up: nginx entered FATAL state, too many start retries too quickly
2024-11-24 01:49:53,863 INFO exited: init-service-api (exit status 0; expected)
2024-11-24 01:50:49,827 WARN received SIGQUIT indicating exit request
2024-11-24 01:50:49,828 INFO waiting for laravel-reverb to die
2024-11-24 01:50:52,102 INFO stopped: laravel-reverb (exit status 0)
2024-11-24 01:51:11,457 CRIT Supervisor is running as root.  Privileges were not dropped because no user is specified in the config file.  If you intend to run as root, you can set user=root in the config file to avoid this message.
2024-11-24 01:51:11,461 INFO supervisord started with pid 1
2024-11-24 01:51:12,466 INFO spawned: 'init-service-api' with pid 7
2024-11-24 01:51:12,470 INFO spawned: 'laravel-reverb' with pid 8
2024-11-24 01:51:12,475 INFO spawned: 'nginx' with pid 9
2024-11-24 01:51:13,490 INFO success: init-service-api entered RUNNING state, process has stayed up for > than 1 seconds (startsecs)
2024-11-24 01:51:13,490 INFO success: laravel-reverb entered RUNNING state, process has stayed up for > than 1 seconds (startsecs)
2024-11-24 01:51:22,587 INFO success: nginx entered RUNNING state, process has stayed up for > than 10 seconds (startsecs)
2024-11-24 01:51:23,810 INFO exited: init-service-api (exit status 0; expected)
2024-11-24 01:53:40,948 WARN received SIGQUIT indicating exit request
2024-11-24 01:53:40,949 INFO waiting for laravel-reverb, nginx to die
2024-11-24 01:53:40,951 INFO stopped: nginx (exit status 0)
2024-11-24 01:53:42,238 INFO stopped: laravel-reverb (exit status 0)
2024-11-24 01:54:01,126 CRIT Supervisor is running as root.  Privileges were not dropped because no user is specified in the config file.  If you intend to run as root, you can set user=root in the config file to avoid this message.
2024-11-24 01:54:01,132 INFO supervisord started with pid 1
2024-11-24 01:54:02,137 INFO spawned: 'init-service-api' with pid 7
2024-11-24 01:54:02,142 INFO spawned: 'laravel-reverb' with pid 8
2024-11-24 01:54:02,145 INFO spawned: 'nginx' with pid 9
2024-11-24 01:54:02,147 INFO spawned: 'php-fpm' with pid 10
2024-11-24 01:54:03,229 INFO success: init-service-api entered RUNNING state, process has stayed up for > than 1 seconds (startsecs)
2024-11-24 01:54:03,230 INFO success: laravel-reverb entered RUNNING state, process has stayed up for > than 1 seconds (startsecs)
2024-11-24 01:54:12,295 INFO success: nginx entered RUNNING state, process has stayed up for > than 10 seconds (startsecs)
2024-11-24 01:54:12,296 INFO success: php-fpm entered RUNNING state, process has stayed up for > than 10 seconds (startsecs)
2024-11-24 01:54:14,025 INFO exited: init-service-api (exit status 0; expected)
2024-11-24 02:00:40,441 WARN received SIGQUIT indicating exit request
2024-11-24 02:00:40,442 INFO waiting for laravel-reverb, nginx, php-fpm to die
2024-11-24 02:00:40,446 INFO stopped: php-fpm (exit status 0)
2024-11-24 02:00:40,448 INFO stopped: nginx (exit status 0)
2024-11-24 02:00:41,741 INFO stopped: laravel-reverb (exit status 0)
2024-11-24 02:01:31,492 CRIT Supervisor is running as root.  Privileges were not dropped because no user is specified in the config file.  If you intend to run as root, you can set user=root in the config file to avoid this message.
2024-11-24 02:01:31,497 INFO supervisord started with pid 1
2024-11-24 02:01:32,503 INFO spawned: 'init-service-api' with pid 7
2024-11-24 02:01:32,509 INFO spawned: 'laravel-reverb' with pid 8
2024-11-24 02:01:32,512 INFO spawned: 'nginx' with pid 9
2024-11-24 02:01:32,514 INFO spawned: 'php-fpm' with pid 10
2024-11-24 02:01:33,570 INFO success: init-service-api entered RUNNING state, process has stayed up for > than 1 seconds (startsecs)
2024-11-24 02:01:33,571 INFO success: laravel-reverb entered RUNNING state, process has stayed up for > than 1 seconds (startsecs)
2024-11-24 02:01:33,571 INFO success: php-fpm entered RUNNING state, process has stayed up for > than 1 seconds (startsecs)
2024-11-24 02:01:42,716 INFO success: nginx entered RUNNING state, process has stayed up for > than 10 seconds (startsecs)
2024-11-24 02:01:44,417 INFO exited: init-service-api (exit status 0; expected)
2024-11-24 02:03:52,560 WARN received SIGQUIT indicating exit request
2024-11-24 02:03:52,560 INFO waiting for laravel-reverb, nginx, php-fpm to die
2024-11-24 02:03:52,564 INFO stopped: php-fpm (exit status 0)
2024-11-24 02:03:52,567 INFO stopped: nginx (exit status 0)
2024-11-24 02:03:53,862 INFO stopped: laravel-reverb (exit status 0)
2024-11-24 02:04:15,006 CRIT Supervisor is running as root.  Privileges were not dropped because no user is specified in the config file.  If you intend to run as root, you can set user=root in the config file to avoid this message.
2024-11-24 02:04:15,011 INFO supervisord started with pid 1
2024-11-24 02:04:16,107 INFO spawned: 'init-service-api' with pid 7
2024-11-24 02:04:16,122 INFO spawned: 'laravel-reverb' with pid 8
2024-11-24 02:04:16,145 INFO spawned: 'nginx' with pid 9
2024-11-24 02:04:16,149 INFO spawned: 'php-fpm' with pid 10
2024-11-24 02:04:17,214 INFO success: init-service-api entered RUNNING state, process has stayed up for > than 1 seconds (startsecs)
2024-11-24 02:04:17,214 INFO success: laravel-reverb entered RUNNING state, process has stayed up for > than 1 seconds (startsecs)
2024-11-24 02:04:17,215 INFO success: php-fpm entered RUNNING state, process has stayed up for > than 1 seconds (startsecs)
2024-11-24 02:04:26,355 INFO success: nginx entered RUNNING state, process has stayed up for > than 10 seconds (startsecs)
2024-11-24 02:04:27,897 INFO exited: init-service-api (exit status 0; expected)
2024-11-26 00:26:26,107 CRIT Supervisor is running as root.  Privileges were not dropped because no user is specified in the config file.  If you intend to run as root, you can set user=root in the config file to avoid this message.
2024-11-26 00:26:26,110 INFO supervisord started with pid 1
2024-11-26 00:26:27,116 INFO spawned: 'init-service-api' with pid 13
2024-11-26 00:26:27,120 INFO spawned: 'laravel-reverb' with pid 14
2024-11-26 00:26:27,121 INFO spawned: 'laravel-worker' with pid 15
2024-11-26 00:26:27,123 INFO spawned: 'nginx' with pid 16
2024-11-26 00:26:27,125 INFO spawned: 'php-fpm' with pid 17
2024-11-26 00:26:28,179 INFO success: init-service-api entered RUNNING state, process has stayed up for > than 1 seconds (startsecs)
2024-11-26 00:26:28,179 INFO success: laravel-reverb entered RUNNING state, process has stayed up for > than 1 seconds (startsecs)
2024-11-26 00:26:28,746 WARN exited: init-service-api (exit status 1; not expected)
2024-11-26 00:26:28,746 WARN exited: laravel-worker (exit status 1; not expected)
2024-11-26 00:26:28,747 WARN exited: laravel-reverb (exit status 1; not expected)
2024-11-26 00:26:29,753 INFO spawned: 'laravel-reverb' with pid 34
2024-11-26 00:26:29,755 INFO spawned: 'laravel-worker' with pid 35
2024-11-26 00:26:30,756 INFO success: laravel-reverb entered RUNNING state, process has stayed up for > than 1 seconds (startsecs)
2024-11-26 00:26:31,690 WARN exited: laravel-reverb (exit status 1; not expected)
2024-11-26 00:26:31,730 INFO spawned: 'laravel-reverb' with pid 40
2024-11-26 00:26:31,763 WARN exited: laravel-worker (exit status 1; not expected)
2024-11-26 00:26:32,765 INFO success: laravel-reverb entered RUNNING state, process has stayed up for > than 1 seconds (startsecs)
2024-11-26 00:26:33,767 INFO spawned: 'laravel-worker' with pid 41
2024-11-26 00:26:35,158 WARN exited: laravel-reverb (exit status 1; not expected)
2024-11-26 00:26:36,163 INFO spawned: 'laravel-reverb' with pid 44
2024-11-26 00:26:37,040 WARN exited: laravel-worker (exit status 1; not expected)
2024-11-26 00:26:38,041 INFO success: laravel-reverb entered RUNNING state, process has stayed up for > than 1 seconds (startsecs)
2024-11-26 00:26:38,042 INFO success: nginx entered RUNNING state, process has stayed up for > than 10 seconds (startsecs)
2024-11-26 00:26:38,042 INFO success: php-fpm entered RUNNING state, process has stayed up for > than 10 seconds (startsecs)
2024-11-26 00:26:39,102 WARN exited: laravel-reverb (exit status 1; not expected)
2024-11-26 00:26:40,107 INFO spawned: 'laravel-reverb' with pid 50
2024-11-26 00:26:40,109 INFO spawned: 'laravel-worker' with pid 51
2024-11-26 00:26:41,113 INFO success: laravel-reverb entered RUNNING state, process has stayed up for > than 1 seconds (startsecs)
2024-11-26 00:26:42,005 WARN exited: laravel-reverb (exit status 1; not expected)
2024-11-26 00:26:42,010 INFO spawned: 'laravel-reverb' with pid 57
2024-11-26 00:26:42,011 WARN exited: laravel-worker (exit status 1; not expected)
2024-11-26 00:26:43,013 INFO success: laravel-reverb entered RUNNING state, process has stayed up for > than 1 seconds (startsecs)
2024-11-26 00:26:43,013 INFO gave up: laravel-worker entered FATAL state, too many start retries too quickly
2024-11-26 00:26:45,632 WARN exited: laravel-reverb (exit status 1; not expected)
2024-11-26 00:26:46,639 INFO spawned: 'laravel-reverb' with pid 60
2024-11-26 00:26:47,640 INFO success: laravel-reverb entered RUNNING state, process has stayed up for > than 1 seconds (startsecs)
2024-11-26 00:26:50,390 WARN exited: laravel-reverb (exit status 1; not expected)
2024-11-26 00:26:51,397 INFO spawned: 'laravel-reverb' with pid 77
2024-11-26 00:26:52,399 INFO success: laravel-reverb entered RUNNING state, process has stayed up for > than 1 seconds (startsecs)
2024-11-26 00:26:54,992 WARN exited: laravel-reverb (exit status 1; not expected)
2024-11-26 00:26:55,998 INFO spawned: 'laravel-reverb' with pid 81
2024-11-26 00:26:57,000 INFO success: laravel-reverb entered RUNNING state, process has stayed up for > than 1 seconds (startsecs)
2024-11-26 00:28:54,754 WARN received SIGQUIT indicating exit request
2024-11-26 00:28:54,755 INFO waiting for laravel-reverb, nginx, php-fpm to die
2024-11-26 00:28:54,760 INFO stopped: php-fpm (exit status 0)
2024-11-26 00:28:54,763 INFO stopped: nginx (exit status 0)
2024-11-26 00:28:56,178 INFO stopped: laravel-reverb (exit status 0)
2024-11-26 00:28:57,822 CRIT Supervisor is running as root.  Privileges were not dropped because no user is specified in the config file.  If you intend to run as root, you can set user=root in the config file to avoid this message.
2024-11-26 00:28:57,826 INFO supervisord started with pid 1
2024-11-26 00:28:58,831 INFO spawned: 'init-service-api' with pid 13
2024-11-26 00:28:58,836 INFO spawned: 'laravel-reverb' with pid 14
2024-11-26 00:28:58,838 INFO spawned: 'laravel-worker' with pid 15
2024-11-26 00:28:58,842 INFO spawned: 'nginx' with pid 16
2024-11-26 00:28:58,845 INFO spawned: 'php-fpm' with pid 17
2024-11-26 00:28:59,903 INFO success: init-service-api entered RUNNING state, process has stayed up for > than 1 seconds (startsecs)
2024-11-26 00:28:59,903 INFO success: laravel-reverb entered RUNNING state, process has stayed up for > than 1 seconds (startsecs)
2024-11-26 00:29:03,706 WARN exited: laravel-worker (exit status 1; not expected)
2024-11-26 00:29:03,752 WARN exited: init-service-api (exit status 1; not expected)
2024-11-26 00:29:04,756 INFO spawned: 'laravel-worker' with pid 38
2024-11-26 00:29:09,791 INFO success: nginx entered RUNNING state, process has stayed up for > than 10 seconds (startsecs)
2024-11-26 00:29:09,791 INFO success: php-fpm entered RUNNING state, process has stayed up for > than 10 seconds (startsecs)
2024-11-26 00:29:12,932 WARN exited: laravel-worker (exit status 1; not expected)
2024-11-26 00:29:14,936 INFO spawned: 'laravel-worker' with pid 44
2024-11-26 00:29:22,723 WARN exited: laravel-worker (exit status 1; not expected)
2024-11-26 00:29:25,727 INFO spawned: 'laravel-worker' with pid 52
2024-11-26 00:29:34,784 WARN exited: laravel-worker (exit status 1; not expected)
2024-11-26 00:29:35,786 INFO gave up: laravel-worker entered FATAL state, too many start retries too quickly
2024-11-26 00:29:45,798 WARN received SIGQUIT indicating exit request
2024-11-26 00:29:45,799 INFO waiting for laravel-reverb, nginx, php-fpm to die
2024-11-26 00:29:45,803 INFO stopped: php-fpm (exit status 0)
2024-11-26 00:29:45,805 INFO stopped: nginx (exit status 0)
2024-11-26 00:29:47,048 INFO stopped: laravel-reverb (exit status 0)
2024-11-26 00:29:47,937 CRIT Supervisor is running as root.  Privileges were not dropped because no user is specified in the config file.  If you intend to run as root, you can set user=root in the config file to avoid this message.
2024-11-26 00:29:47,940 INFO supervisord started with pid 1
2024-11-26 00:29:48,946 INFO spawned: 'init-service-api' with pid 7
2024-11-26 00:29:48,950 INFO spawned: 'laravel-reverb' with pid 8
2024-11-26 00:29:48,952 INFO spawned: 'laravel-worker' with pid 9
2024-11-26 00:29:48,954 INFO spawned: 'nginx' with pid 10
2024-11-26 00:29:48,957 INFO spawned: 'php-fpm' with pid 11
2024-11-26 00:29:50,020 INFO success: init-service-api entered RUNNING state, process has stayed up for > than 1 seconds (startsecs)
2024-11-26 00:29:50,020 INFO success: laravel-reverb entered RUNNING state, process has stayed up for > than 1 seconds (startsecs)
2024-11-26 00:29:53,376 WARN exited: init-service-api (exit status 1; not expected)
2024-11-26 00:29:53,429 WARN exited: laravel-worker (exit status 1; not expected)
2024-11-26 00:29:54,843 INFO spawned: 'laravel-worker' with pid 32
2024-11-26 00:29:59,853 INFO success: nginx entered RUNNING state, process has stayed up for > than 10 seconds (startsecs)
2024-11-26 00:29:59,853 INFO success: php-fpm entered RUNNING state, process has stayed up for > than 10 seconds (startsecs)
2024-11-26 00:30:03,119 WARN exited: laravel-worker (exit status 1; not expected)
2024-11-26 00:30:05,122 INFO spawned: 'laravel-worker' with pid 37
2024-11-26 00:30:14,410 WARN exited: laravel-worker (exit status 1; not expected)
2024-11-26 00:30:17,415 INFO spawned: 'laravel-worker' with pid 42
2024-11-26 00:30:25,394 WARN received SIGQUIT indicating exit request
2024-11-26 00:30:25,394 INFO waiting for laravel-reverb, laravel-worker, nginx, php-fpm to die
2024-11-26 00:30:25,399 INFO stopped: php-fpm (exit status 0)
2024-11-26 00:30:25,402 INFO stopped: nginx (exit status 0)
2024-11-26 00:30:25,444 WARN stopped: laravel-worker (exit status 1)
2024-11-26 00:30:25,719 INFO stopped: laravel-reverb (exit status 0)
2024-11-26 00:30:49,605 CRIT Supervisor is running as root.  Privileges were not dropped because no user is specified in the config file.  If you intend to run as root, you can set user=root in the config file to avoid this message.
2024-11-26 00:30:49,610 INFO supervisord started with pid 1
2024-11-26 00:30:50,615 INFO spawned: 'init-service-api' with pid 7
2024-11-26 00:30:50,620 INFO spawned: 'laravel-reverb' with pid 8
2024-11-26 00:30:50,623 INFO spawned: 'nginx' with pid 9
2024-11-26 00:30:50,625 INFO spawned: 'php-fpm' with pid 10
2024-11-26 00:30:51,682 INFO success: init-service-api entered RUNNING state, process has stayed up for > than 1 seconds (startsecs)
2024-11-26 00:30:51,682 INFO success: laravel-reverb entered RUNNING state, process has stayed up for > than 1 seconds (startsecs)
2024-11-26 00:30:55,741 WARN exited: init-service-api (exit status 1; not expected)
2024-11-26 00:31:01,191 INFO success: nginx entered RUNNING state, process has stayed up for > than 10 seconds (startsecs)
2024-11-26 00:31:01,192 INFO success: php-fpm entered RUNNING state, process has stayed up for > than 10 seconds (startsecs)
2024-11-26 00:32:10,463 WARN received SIGQUIT indicating exit request
2024-11-26 00:32:10,464 INFO waiting for laravel-reverb, nginx, php-fpm to die
2024-11-26 00:32:10,468 INFO stopped: php-fpm (exit status 0)
2024-11-26 00:32:10,471 INFO stopped: nginx (exit status 0)
2024-11-26 00:32:11,758 INFO stopped: laravel-reverb (exit status 0)
2024-11-26 01:47:27,010 CRIT Supervisor is running as root.  Privileges were not dropped because no user is specified in the config file.  If you intend to run as root, you can set user=root in the config file to avoid this message.
2024-11-26 01:47:27,015 INFO supervisord started with pid 1
2024-11-26 01:47:28,020 INFO spawned: 'init-service-api' with pid 7
2024-11-26 01:47:28,028 INFO spawned: 'laravel-reverb' with pid 8
2024-11-26 01:47:28,032 INFO spawned: 'nginx' with pid 9
2024-11-26 01:47:28,035 INFO spawned: 'php-fpm' with pid 10
2024-11-26 01:47:29,136 INFO success: init-service-api entered RUNNING state, process has stayed up for > than 1 seconds (startsecs)
2024-11-26 01:47:29,137 INFO success: laravel-reverb entered RUNNING state, process has stayed up for > than 1 seconds (startsecs)
2024-11-26 01:47:32,878 WARN exited: init-service-api (exit status 1; not expected)
2024-11-26 01:47:38,340 INFO success: nginx entered RUNNING state, process has stayed up for > than 10 seconds (startsecs)
2024-11-26 01:47:38,341 INFO success: php-fpm entered RUNNING state, process has stayed up for > than 10 seconds (startsecs)
2024-11-26 01:57:32,042 WARN received SIGQUIT indicating exit request
2024-11-26 01:57:32,043 INFO waiting for laravel-reverb, nginx, php-fpm to die
2024-11-26 01:57:32,059 INFO stopped: php-fpm (exit status 0)
2024-11-26 01:57:32,062 INFO stopped: nginx (exit status 0)
2024-11-26 01:57:33,371 INFO stopped: laravel-reverb (exit status 0)
2024-11-26 02:04:48,399 CRIT Supervisor is running as root.  Privileges were not dropped because no user is specified in the config file.  If you intend to run as root, you can set user=root in the config file to avoid this message.
2024-11-26 02:04:48,404 INFO supervisord started with pid 1
2024-11-26 02:04:49,408 INFO spawned: 'init-service-api' with pid 7
2024-11-26 02:04:49,414 INFO spawned: 'laravel-reverb' with pid 8
2024-11-26 02:04:49,417 INFO spawned: 'nginx' with pid 9
2024-11-26 02:04:49,419 INFO spawned: 'php-fpm' with pid 10
2024-11-26 02:04:50,488 INFO success: init-service-api entered RUNNING state, process has stayed up for > than 1 seconds (startsecs)
2024-11-26 02:04:50,489 INFO success: laravel-reverb entered RUNNING state, process has stayed up for > than 1 seconds (startsecs)
2024-11-26 02:04:54,338 WARN exited: init-service-api (exit status 1; not expected)
2024-11-26 02:04:59,819 INFO success: nginx entered RUNNING state, process has stayed up for > than 10 seconds (startsecs)
2024-11-26 02:04:59,820 INFO success: php-fpm entered RUNNING state, process has stayed up for > than 10 seconds (startsecs)
2024-11-26 02:06:46,697 WARN received SIGQUIT indicating exit request
2024-11-26 02:06:46,697 INFO waiting for laravel-reverb, nginx, php-fpm to die
2024-11-26 02:06:46,701 INFO stopped: php-fpm (exit status 0)
2024-11-26 02:06:46,703 INFO stopped: nginx (exit status 0)
2024-11-26 02:06:47,914 INFO stopped: laravel-reverb (exit status 0)
2024-11-26 02:07:08,616 CRIT Supervisor is running as root.  Privileges were not dropped because no user is specified in the config file.  If you intend to run as root, you can set user=root in the config file to avoid this message.
2024-11-26 02:07:08,621 INFO supervisord started with pid 1
2024-11-26 02:07:09,626 INFO spawned: 'init-service-api' with pid 7
2024-11-26 02:07:09,633 INFO spawned: 'laravel-reverb' with pid 8
2024-11-26 02:07:09,636 INFO spawned: 'nginx' with pid 9
2024-11-26 02:07:09,639 INFO spawned: 'php-fpm' with pid 10
2024-11-26 02:07:10,698 INFO success: init-service-api entered RUNNING state, process has stayed up for > than 1 seconds (startsecs)
2024-11-26 02:07:10,698 INFO success: laravel-reverb entered RUNNING state, process has stayed up for > than 1 seconds (startsecs)
2024-11-26 02:07:14,394 WARN exited: init-service-api (exit status 1; not expected)
2024-11-26 02:07:19,819 INFO success: nginx entered RUNNING state, process has stayed up for > than 10 seconds (startsecs)
2024-11-26 02:07:19,819 INFO success: php-fpm entered RUNNING state, process has stayed up for > than 10 seconds (startsecs)
2024-11-26 02:10:28,473 WARN received SIGQUIT indicating exit request
2024-11-26 02:10:28,473 INFO waiting for laravel-reverb, nginx, php-fpm to die
2024-11-26 02:10:28,477 INFO stopped: php-fpm (exit status 0)
2024-11-26 02:10:28,479 INFO stopped: nginx (exit status 0)
2024-11-26 02:10:29,760 INFO stopped: laravel-reverb (exit status 0)
2024-11-26 02:10:49,907 CRIT Supervisor is running as root.  Privileges were not dropped because no user is specified in the config file.  If you intend to run as root, you can set user=root in the config file to avoid this message.
2024-11-26 02:10:49,911 INFO supervisord started with pid 1
2024-11-26 02:10:50,917 INFO spawned: 'init-service-api' with pid 7
2024-11-26 02:10:50,922 INFO spawned: 'laravel-reverb' with pid 8
2024-11-26 02:10:50,925 INFO spawned: 'nginx' with pid 9
2024-11-26 02:10:50,927 INFO spawned: 'php-fpm' with pid 10
2024-11-26 02:10:51,978 INFO success: init-service-api entered RUNNING state, process has stayed up for > than 1 seconds (startsecs)
2024-11-26 02:10:51,978 INFO success: laravel-reverb entered RUNNING state, process has stayed up for > than 1 seconds (startsecs)
2024-11-26 02:10:55,701 WARN exited: init-service-api (exit status 1; not expected)
2024-11-26 02:11:01,174 INFO success: nginx entered RUNNING state, process has stayed up for > than 10 seconds (startsecs)
2024-11-26 02:11:01,174 INFO success: php-fpm entered RUNNING state, process has stayed up for > than 10 seconds (startsecs)
2024-11-26 02:11:36,760 WARN received SIGQUIT indicating exit request
2024-11-26 02:11:36,760 INFO waiting for laravel-reverb, nginx, php-fpm to die
2024-11-26 02:11:36,764 INFO stopped: php-fpm (exit status 0)
2024-11-26 02:11:36,766 INFO stopped: nginx (exit status 0)
2024-11-26 02:11:38,077 INFO stopped: laravel-reverb (exit status 0)
2024-11-26 02:11:58,968 CRIT Supervisor is running as root.  Privileges were not dropped because no user is specified in the config file.  If you intend to run as root, you can set user=root in the config file to avoid this message.
2024-11-26 02:11:58,972 INFO supervisord started with pid 1
2024-11-26 02:11:59,978 INFO spawned: 'init-service-api' with pid 7
2024-11-26 02:11:59,983 INFO spawned: 'laravel-reverb' with pid 8
2024-11-26 02:11:59,989 INFO spawned: 'nginx' with pid 9
2024-11-26 02:11:59,991 INFO spawned: 'php-fpm' with pid 10
2024-11-26 02:12:01,060 INFO success: init-service-api entered RUNNING state, process has stayed up for > than 1 seconds (startsecs)
2024-11-26 02:12:01,060 INFO success: laravel-reverb entered RUNNING state, process has stayed up for > than 1 seconds (startsecs)
2024-11-26 02:12:04,933 WARN exited: init-service-api (exit status 1; not expected)
2024-11-26 02:12:10,421 INFO success: nginx entered RUNNING state, process has stayed up for > than 10 seconds (startsecs)
2024-11-26 02:12:10,421 INFO success: php-fpm entered RUNNING state, process has stayed up for > than 10 seconds (startsecs)
2024-11-26 02:13:21,916 WARN received SIGQUIT indicating exit request
2024-11-26 02:13:21,916 INFO waiting for laravel-reverb, nginx, php-fpm to die
2024-11-26 02:13:21,921 INFO stopped: php-fpm (exit status 0)
2024-11-26 02:13:21,923 INFO stopped: nginx (exit status 0)
2024-11-26 02:13:23,183 INFO stopped: laravel-reverb (exit status 0)
2024-11-26 02:13:44,108 CRIT Supervisor is running as root.  Privileges were not dropped because no user is specified in the config file.  If you intend to run as root, you can set user=root in the config file to avoid this message.
2024-11-26 02:13:44,112 INFO supervisord started with pid 1
2024-11-26 02:13:45,118 INFO spawned: 'init-service-api' with pid 7
2024-11-26 02:13:45,123 INFO spawned: 'laravel-reverb' with pid 8
2024-11-26 02:13:45,126 INFO spawned: 'nginx' with pid 9
2024-11-26 02:13:45,128 INFO spawned: 'php-fpm' with pid 10
2024-11-26 02:13:46,184 INFO success: init-service-api entered RUNNING state, process has stayed up for > than 1 seconds (startsecs)
2024-11-26 02:13:46,185 INFO success: laravel-reverb entered RUNNING state, process has stayed up for > than 1 seconds (startsecs)
2024-11-26 02:13:50,295 WARN exited: init-service-api (exit status 1; not expected)
2024-11-26 02:13:55,876 INFO success: nginx entered RUNNING state, process has stayed up for > than 10 seconds (startsecs)
2024-11-26 02:13:55,877 INFO success: php-fpm entered RUNNING state, process has stayed up for > than 10 seconds (startsecs)
2024-11-26 02:17:11,877 WARN received SIGQUIT indicating exit request
2024-11-26 02:17:11,878 INFO waiting for laravel-reverb, nginx, php-fpm to die
2024-11-26 02:17:11,882 INFO stopped: php-fpm (exit status 0)
2024-11-26 02:17:11,885 INFO stopped: nginx (exit status 0)
2024-11-26 02:17:13,166 INFO stopped: laravel-reverb (exit status 0)
2024-11-26 02:17:34,874 CRIT Supervisor is running as root.  Privileges were not dropped because no user is specified in the config file.  If you intend to run as root, you can set user=root in the config file to avoid this message.
2024-11-26 02:17:34,878 INFO supervisord started with pid 1
2024-11-26 02:17:35,884 INFO spawned: 'init-service-api' with pid 7
2024-11-26 02:17:35,889 INFO spawned: 'laravel-reverb' with pid 8
2024-11-26 02:17:35,892 INFO spawned: 'nginx' with pid 9
2024-11-26 02:17:35,894 INFO spawned: 'php-fpm' with pid 10
2024-11-26 02:17:36,952 INFO success: init-service-api entered RUNNING state, process has stayed up for > than 1 seconds (startsecs)
2024-11-26 02:17:36,952 INFO success: laravel-reverb entered RUNNING state, process has stayed up for > than 1 seconds (startsecs)
2024-11-26 02:17:40,711 WARN exited: init-service-api (exit status 1; not expected)
2024-11-26 02:17:46,164 INFO success: nginx entered RUNNING state, process has stayed up for > than 10 seconds (startsecs)
2024-11-26 02:17:46,165 INFO success: php-fpm entered RUNNING state, process has stayed up for > than 10 seconds (startsecs)
2024-11-26 02:21:02,111 WARN received SIGQUIT indicating exit request
2024-11-26 02:21:02,111 INFO waiting for laravel-reverb, nginx, php-fpm to die
2024-11-26 02:21:02,116 INFO stopped: php-fpm (exit status 0)
2024-11-26 02:21:02,118 INFO stopped: nginx (exit status 0)
2024-11-26 02:21:03,427 INFO stopped: laravel-reverb (exit status 0)
2024-11-26 02:24:42,968 CRIT Supervisor is running as root.  Privileges were not dropped because no user is specified in the config file.  If you intend to run as root, you can set user=root in the config file to avoid this message.
2024-11-26 02:24:42,973 INFO supervisord started with pid 1
2024-11-26 02:24:43,994 INFO spawned: 'init-service-api' with pid 7
2024-11-26 02:24:43,998 INFO spawned: 'laravel-reverb' with pid 8
2024-11-26 02:24:44,009 INFO spawned: 'nginx' with pid 9
2024-11-26 02:24:44,011 INFO spawned: 'php-fpm' with pid 10
2024-11-26 02:24:45,062 INFO success: init-service-api entered RUNNING state, process has stayed up for > than 1 seconds (startsecs)
2024-11-26 02:24:45,063 INFO success: laravel-reverb entered RUNNING state, process has stayed up for > than 1 seconds (startsecs)
2024-11-26 02:24:49,129 WARN exited: init-service-api (exit status 1; not expected)
2024-11-26 02:24:54,553 INFO success: nginx entered RUNNING state, process has stayed up for > than 10 seconds (startsecs)
2024-11-26 02:24:54,553 INFO success: php-fpm entered RUNNING state, process has stayed up for > than 10 seconds (startsecs)
2024-11-26 02:28:28,690 WARN received SIGQUIT indicating exit request
2024-11-26 02:28:28,691 INFO waiting for laravel-reverb, nginx, php-fpm to die
2024-11-26 02:28:28,695 INFO stopped: php-fpm (exit status 0)
2024-11-26 02:28:28,698 INFO stopped: nginx (exit status 0)
2024-11-26 02:28:29,995 INFO stopped: laravel-reverb (exit status 0)
2024-11-26 02:35:48,002 CRIT Supervisor is running as root.  Privileges were not dropped because no user is specified in the config file.  If you intend to run as root, you can set user=root in the config file to avoid this message.
2024-11-26 02:35:48,006 INFO supervisord started with pid 1
2024-11-26 02:35:49,011 INFO spawned: 'init-service-api' with pid 7
2024-11-26 02:35:49,015 INFO spawned: 'laravel-reverb' with pid 8
2024-11-26 02:35:49,017 INFO spawned: 'nginx' with pid 9
2024-11-26 02:35:49,019 INFO spawned: 'php-fpm' with pid 10
2024-11-26 02:35:50,078 INFO success: init-service-api entered RUNNING state, process has stayed up for > than 1 seconds (startsecs)
2024-11-26 02:35:50,079 INFO success: laravel-reverb entered RUNNING state, process has stayed up for > than 1 seconds (startsecs)
2024-11-26 02:35:53,609 WARN exited: init-service-api (exit status 1; not expected)
2024-11-26 02:36:00,009 INFO success: nginx entered RUNNING state, process has stayed up for > than 10 seconds (startsecs)
2024-11-26 02:36:00,009 INFO success: php-fpm entered RUNNING state, process has stayed up for > than 10 seconds (startsecs)
2024-11-26 02:37:03,712 WARN received SIGQUIT indicating exit request
2024-11-26 02:37:03,713 INFO waiting for laravel-reverb, nginx, php-fpm to die
2024-11-26 02:37:03,717 INFO stopped: php-fpm (exit status 0)
2024-11-26 02:37:03,719 INFO stopped: nginx (exit status 0)
2024-11-26 02:37:04,985 INFO stopped: laravel-reverb (exit status 0)
2024-11-26 02:38:18,560 CRIT Supervisor is running as root.  Privileges were not dropped because no user is specified in the config file.  If you intend to run as root, you can set user=root in the config file to avoid this message.
2024-11-26 02:38:18,565 INFO supervisord started with pid 1
2024-11-26 02:38:19,570 INFO spawned: 'init-service-api' with pid 7
2024-11-26 02:38:19,575 INFO spawned: 'laravel-reverb' with pid 8
2024-11-26 02:38:19,579 INFO spawned: 'nginx' with pid 9
2024-11-26 02:38:19,582 INFO spawned: 'php-fpm' with pid 10
2024-11-26 02:38:20,634 INFO success: init-service-api entered RUNNING state, process has stayed up for > than 1 seconds (startsecs)
2024-11-26 02:38:20,634 INFO success: laravel-reverb entered RUNNING state, process has stayed up for > than 1 seconds (startsecs)
2024-11-26 02:38:24,677 WARN exited: init-service-api (exit status 1; not expected)
2024-11-26 02:38:30,206 INFO success: nginx entered RUNNING state, process has stayed up for > than 10 seconds (startsecs)
2024-11-26 02:38:30,206 INFO success: php-fpm entered RUNNING state, process has stayed up for > than 10 seconds (startsecs)
2024-11-26 02:52:43,513 CRIT Supervisor is running as root.  Privileges were not dropped because no user is specified in the config file.  If you intend to run as root, you can set user=root in the config file to avoid this message.
2024-11-26 02:52:43,517 INFO supervisord started with pid 1
2024-11-26 02:52:44,522 INFO spawned: 'init-service-api' with pid 7
2024-11-26 02:52:44,527 INFO spawned: 'laravel-reverb' with pid 8
2024-11-26 02:52:44,528 INFO spawned: 'nginx' with pid 9
2024-11-26 02:52:44,530 INFO spawned: 'php-fpm' with pid 10
2024-11-26 02:52:45,578 INFO success: init-service-api entered RUNNING state, process has stayed up for > than 1 seconds (startsecs)
2024-11-26 02:52:45,578 INFO success: laravel-reverb entered RUNNING state, process has stayed up for > than 1 seconds (startsecs)
2024-11-26 02:52:49,338 WARN exited: init-service-api (exit status 1; not expected)
2024-11-26 02:52:54,750 INFO success: nginx entered RUNNING state, process has stayed up for > than 10 seconds (startsecs)
2024-11-26 02:52:54,750 INFO success: php-fpm entered RUNNING state, process has stayed up for > than 10 seconds (startsecs)
2024-11-26 03:02:50,380 WARN received SIGQUIT indicating exit request
2024-11-26 03:02:50,381 INFO waiting for laravel-reverb, nginx, php-fpm to die
2024-11-26 03:02:50,386 INFO stopped: php-fpm (exit status 0)
2024-11-26 03:02:50,389 INFO stopped: nginx (exit status 0)
2024-11-26 03:02:51,699 INFO stopped: laravel-reverb (exit status 0)
2024-11-26 03:02:55,402 CRIT Supervisor is running as root.  Privileges were not dropped because no user is specified in the config file.  If you intend to run as root, you can set user=root in the config file to avoid this message.
2024-11-26 03:02:55,406 INFO supervisord started with pid 1
2024-11-26 03:02:56,412 INFO spawned: 'init-service-api' with pid 7
2024-11-26 03:02:56,419 INFO spawned: 'laravel-reverb' with pid 8
2024-11-26 03:02:56,421 INFO spawned: 'nginx' with pid 9
2024-11-26 03:02:56,423 INFO spawned: 'php-fpm' with pid 10
2024-11-26 03:02:57,476 INFO success: init-service-api entered RUNNING state, process has stayed up for > than 1 seconds (startsecs)
2024-11-26 03:02:57,476 INFO success: laravel-reverb entered RUNNING state, process has stayed up for > than 1 seconds (startsecs)
2024-11-26 03:03:06,487 INFO success: nginx entered RUNNING state, process has stayed up for > than 10 seconds (startsecs)
2024-11-26 03:03:06,487 INFO success: php-fpm entered RUNNING state, process has stayed up for > than 10 seconds (startsecs)
2024-11-26 03:03:16,479 WARN exited: init-service-api (exit status 1; not expected)
2024-11-26 03:08:10,196 WARN received SIGQUIT indicating exit request
2024-11-26 03:08:10,197 INFO waiting for laravel-reverb, nginx, php-fpm to die
2024-11-26 03:08:10,201 INFO stopped: php-fpm (exit status 0)
2024-11-26 03:08:10,203 INFO stopped: nginx (exit status 0)
2024-11-26 03:08:11,518 INFO stopped: laravel-reverb (exit status 0)
2024-11-26 03:08:13,512 CRIT Supervisor is running as root.  Privileges were not dropped because no user is specified in the config file.  If you intend to run as root, you can set user=root in the config file to avoid this message.
2024-11-26 03:08:13,517 INFO supervisord started with pid 1
2024-11-26 03:08:14,522 INFO spawned: 'init-service-api' with pid 7
2024-11-26 03:08:14,528 INFO spawned: 'laravel-reverb' with pid 8
2024-11-26 03:08:14,537 INFO spawned: 'nginx' with pid 9
2024-11-26 03:08:14,540 INFO spawned: 'php-fpm' with pid 10
2024-11-26 03:08:15,604 INFO success: init-service-api entered RUNNING state, process has stayed up for > than 1 seconds (startsecs)
2024-11-26 03:08:15,604 INFO success: laravel-reverb entered RUNNING state, process has stayed up for > than 1 seconds (startsecs)
2024-11-26 03:08:24,614 INFO success: nginx entered RUNNING state, process has stayed up for > than 10 seconds (startsecs)
2024-11-26 03:08:24,614 INFO success: php-fpm entered RUNNING state, process has stayed up for > than 10 seconds (startsecs)
2024-11-26 03:08:35,483 WARN exited: init-service-api (exit status 1; not expected)
2024-11-26 04:01:03,614 WARN received SIGQUIT indicating exit request
2024-11-26 04:01:03,615 INFO waiting for laravel-reverb, nginx, php-fpm to die
2024-11-26 04:01:03,625 INFO stopped: php-fpm (exit status 0)
2024-11-26 04:01:03,628 INFO stopped: nginx (exit status 0)
2024-11-26 04:01:04,914 INFO stopped: laravel-reverb (exit status 0)
2024-11-26 04:04:38,430 CRIT Supervisor is running as root.  Privileges were not dropped because no user is specified in the config file.  If you intend to run as root, you can set user=root in the config file to avoid this message.
2024-11-26 04:04:38,434 INFO supervisord started with pid 1
2024-11-26 04:04:39,440 INFO spawned: 'init-service-api' with pid 7
2024-11-26 04:04:39,445 INFO spawned: 'laravel-reverb' with pid 8
2024-11-26 04:04:39,448 INFO spawned: 'nginx' with pid 9
2024-11-26 04:04:39,452 INFO spawned: 'php-fpm' with pid 10
2024-11-26 04:04:40,506 INFO success: init-service-api entered RUNNING state, process has stayed up for > than 1 seconds (startsecs)
2024-11-26 04:04:40,506 INFO success: laravel-reverb entered RUNNING state, process has stayed up for > than 1 seconds (startsecs)
2024-11-26 04:04:44,553 WARN exited: init-service-api (exit status 1; not expected)
2024-11-26 04:04:49,940 INFO success: nginx entered RUNNING state, process has stayed up for > than 10 seconds (startsecs)
2024-11-26 04:04:49,940 INFO success: php-fpm entered RUNNING state, process has stayed up for > than 10 seconds (startsecs)
2024-11-26 04:11:58,602 WARN received SIGQUIT indicating exit request
2024-11-26 04:11:58,603 INFO waiting for laravel-reverb, nginx, php-fpm to die
2024-11-26 04:11:58,607 INFO stopped: php-fpm (exit status 0)
2024-11-26 04:11:58,609 INFO stopped: nginx (exit status 0)
2024-11-26 04:11:59,942 INFO stopped: laravel-reverb (exit status 0)
2024-11-26 04:15:55,356 CRIT Supervisor is running as root.  Privileges were not dropped because no user is specified in the config file.  If you intend to run as root, you can set user=root in the config file to avoid this message.
2024-11-26 04:15:55,361 INFO supervisord started with pid 1
2024-11-26 04:15:56,366 INFO spawned: 'init-service-api' with pid 8
2024-11-26 04:15:56,371 INFO spawned: 'laravel-reverb' with pid 9
2024-11-26 04:15:56,373 INFO spawned: 'nginx' with pid 10
2024-11-26 04:15:56,376 INFO spawned: 'php-fpm' with pid 11
2024-11-26 04:15:57,422 INFO success: init-service-api entered RUNNING state, process has stayed up for > than 1 seconds (startsecs)
2024-11-26 04:15:57,423 INFO success: laravel-reverb entered RUNNING state, process has stayed up for > than 1 seconds (startsecs)
2024-11-26 04:16:01,364 WARN exited: init-service-api (exit status 1; not expected)
2024-11-26 04:16:06,835 INFO success: nginx entered RUNNING state, process has stayed up for > than 10 seconds (startsecs)
2024-11-26 04:16:06,835 INFO success: php-fpm entered RUNNING state, process has stayed up for > than 10 seconds (startsecs)
2024-11-26 04:26:26,728 WARN received SIGQUIT indicating exit request
2024-11-26 04:26:26,729 INFO waiting for laravel-reverb, nginx, php-fpm to die
2024-11-26 04:26:26,741 INFO stopped: php-fpm (exit status 0)
2024-11-26 04:26:26,745 INFO stopped: nginx (exit status 0)
2024-11-26 04:26:28,113 INFO stopped: laravel-reverb (exit status 0)
